
> whatsapp-backend@1.0.0 dev
> nodemon server.js

[33m[nodemon] 3.1.11[39m
[33m[nodemon] to restart at any time, enter `rs`[39m
[33m[nodemon] watching path(s): *.*[39m
[33m[nodemon] watching extensions: js,mjs,cjs,json[39m
[32m[nodemon] starting `node server.js`[39m

­ƒÜÇ Inicializando WhatsApp Web...

    ­ƒÆ░ SERVIDOR DE RECORDATORIOS DE PAGOS v2.0
    ============================================
    Puerto: 3001
    L├¡mite mensual: 1500 mensajes
    Historial: Ô£à Habilitado
    Patch: Ô£à markedUnread fix
    
    ­ƒô▒ Endpoints:
    - GET  /status              ÔåÆ Estado WhatsApp
    - GET  /qrcode             ÔåÆ Obtener QR
    - GET  /dashboard          ÔåÆ Estad├¡sticas
    - GET  /health             ÔåÆ Salud del servidor
    
    ­ƒôï Historial:
    - GET  /notifications/history ÔåÆ Historial de notificaciones
    - GET  /notifications/stats   ÔåÆ Estad├¡sticas
    - GET  /notifications/export  ÔåÆ Exportar historial
    - DELETE /notifications/clear ÔåÆ Limpiar historial
    
    ­ƒôñ Env├¡o:
    - POST /send-reminder      ÔåÆ Recordatorio individual
    - POST /send-batch-reminders ÔåÆ Lote controlado
    - POST /test-number        ÔåÆ Verificar n├║mero
    
    ÔÜá´©Å  Recomendaciones:
    ÔÇó Usa /test-number antes de agregar clientes
    ÔÇó Monitorea /dashboard regularmente
    ÔÇó M├íximo 30 mensajes por lote
    ÔÇó Delay de 2-3 segundos entre mensajes
    ============================================
    
C:\Users\al180\Documents\PROYECTOS\backend\node_modules\whatsapp-web.js\node_modules\puppeteer-core\lib\cjs\puppeteer\common\CallbackRegistry.js:103
    #error = new Errors_js_1.ProtocolError();
             ^

ProtocolError: Protocol error (Runtime.callFunctionOn): Execution context was destroyed.
    at <instance_members_initializer> (C:\Users\al180\Documents\PROYECTOS\backend\node_modules\whatsapp-web.js\node_modules\puppeteer-core\lib\cjs\puppeteer\common\CallbackRegistry.js:103:14)
    at new Callback (C:\Users\al180\Documents\PROYECTOS\backend\node_modules\whatsapp-web.js\node_modules\puppeteer-core\lib\cjs\puppeteer\common\CallbackRegistry.js:107:16)
    at CallbackRegistry.create (C:\Users\al180\Documents\PROYECTOS\backend\node_modules\whatsapp-web.js\node_modules\puppeteer-core\lib\cjs\puppeteer\common\CallbackRegistry.js:25:26)
    at Connection._rawSend (C:\Users\al180\Documents\PROYECTOS\backend\node_modules\whatsapp-web.js\node_modules\puppeteer-core\lib\cjs\puppeteer\cdp\Connection.js:108:26)
    at CdpCDPSession.send (C:\Users\al180\Documents\PROYECTOS\backend\node_modules\whatsapp-web.js\node_modules\puppeteer-core\lib\cjs\puppeteer\cdp\CdpSession.js:74:33)
    at #evaluate (C:\Users\al180\Documents\PROYECTOS\backend\node_modules\whatsapp-web.js\node_modules\puppeteer-core\lib\cjs\puppeteer\cdp\ExecutionContext.js:363:50)
    at ExecutionContext.evaluate (C:\Users\al180\Documents\PROYECTOS\backend\node_modules\whatsapp-web.js\node_modules\puppeteer-core\lib\cjs\puppeteer\cdp\ExecutionContext.js:277:36)
    at IsolatedWorld.evaluate (C:\Users\al180\Documents\PROYECTOS\backend\node_modules\whatsapp-web.js\node_modules\puppeteer-core\lib\cjs\puppeteer\cdp\IsolatedWorld.js:100:30)
    at CdpFrame.evaluate (C:\Users\al180\Documents\PROYECTOS\backend\node_modules\whatsapp-web.js\node_modules\puppeteer-core\lib\cjs\puppeteer\api\Frame.js:362:43)
    at CdpFrame.<anonymous> (C:\Users\al180\Documents\PROYECTOS\backend\node_modules\whatsapp-web.js\node_modules\puppeteer-core\lib\cjs\puppeteer\util\decorators.js:109:27)
    at CdpPage.evaluate (C:\Users\al180\Documents\PROYECTOS\backend\node_modules\whatsapp-web.js\node_modules\puppeteer-core\lib\cjs\puppeteer\api\Page.js:826:43)
    at Client.inject (C:\Users\al180\Documents\PROYECTOS\backend\node_modules\whatsapp-web.js\src\Client.js:124:55)
    at async Client.initialize (C:\Users\al180\Documents\PROYECTOS\backend\node_modules\whatsapp-web.js\src\Client.js:373:9)

Node.js v24.13.0
[31m[nodemon] app crashed - waiting for file changes before starting...[39m
[32m[nodemon] restarting due to changes...[39m
[32m[nodemon] starting `node server.js`[39m

­ƒÜÇ Inicializando WhatsApp Web...

    ­ƒÆ░ SERVIDOR DE RECORDATORIOS DE PAGOS v2.0
    ============================================
    Puerto: 3001
    L├¡mite mensual: 1500 mensajes
    Historial: Ô£à Habilitado
    Patch: Ô£à markedUnread fix
    
    ­ƒô▒ Endpoints:
    - GET  /status              ÔåÆ Estado WhatsApp
    - GET  /qrcode             ÔåÆ Obtener QR
    - GET  /dashboard          ÔåÆ Estad├¡sticas
    - GET  /health             ÔåÆ Salud del servidor
    
    ­ƒôï Historial:
    - GET  /notifications/history ÔåÆ Historial de notificaciones
    - GET  /notifications/stats   ÔåÆ Estad├¡sticas
    - GET  /notifications/export  ÔåÆ Exportar historial
    - DELETE /notifications/clear ÔåÆ Limpiar historial
    
    ­ƒôñ Env├¡o:
    - POST /send-reminder      ÔåÆ Recordatorio individual
    - POST /send-batch-reminders ÔåÆ Lote controlado
    - POST /test-number        ÔåÆ Verificar n├║mero
    
    ÔÜá´©Å  Recomendaciones:
    ÔÇó Usa /test-number antes de agregar clientes
    ÔÇó Monitorea /dashboard regularmente
    ÔÇó M├íximo 30 mensajes por lote
    ÔÇó Delay de 2-3 segundos entre mensajes
    ============================================
    
C:\Users\al180\Documents\PROYECTOS\backend\node_modules\whatsapp-web.js\node_modules\puppeteer-core\lib\cjs\puppeteer\common\CallbackRegistry.js:103
    #error = new Errors_js_1.ProtocolError();
             ^

ProtocolError: Protocol error (Runtime.callFunctionOn): Execution context was destroyed.
    at <instance_members_initializer> (C:\Users\al180\Documents\PROYECTOS\backend\node_modules\whatsapp-web.js\node_modules\puppeteer-core\lib\cjs\puppeteer\common\CallbackRegistry.js:103:14)
    at new Callback (C:\Users\al180\Documents\PROYECTOS\backend\node_modules\whatsapp-web.js\node_modules\puppeteer-core\lib\cjs\puppeteer\common\CallbackRegistry.js:107:16)
    at CallbackRegistry.create (C:\Users\al180\Documents\PROYECTOS\backend\node_modules\whatsapp-web.js\node_modules\puppeteer-core\lib\cjs\puppeteer\common\CallbackRegistry.js:25:26)
    at Connection._rawSend (C:\Users\al180\Documents\PROYECTOS\backend\node_modules\whatsapp-web.js\node_modules\puppeteer-core\lib\cjs\puppeteer\cdp\Connection.js:108:26)
    at CdpCDPSession.send (C:\Users\al180\Documents\PROYECTOS\backend\node_modules\whatsapp-web.js\node_modules\puppeteer-core\lib\cjs\puppeteer\cdp\CdpSession.js:74:33)
    at #evaluate (C:\Users\al180\Documents\PROYECTOS\backend\node_modules\whatsapp-web.js\node_modules\puppeteer-core\lib\cjs\puppeteer\cdp\ExecutionContext.js:363:50)
    at ExecutionContext.evaluate (C:\Users\al180\Documents\PROYECTOS\backend\node_modules\whatsapp-web.js\node_modules\puppeteer-core\lib\cjs\puppeteer\cdp\ExecutionContext.js:277:36)
    at IsolatedWorld.evaluate (C:\Users\al180\Documents\PROYECTOS\backend\node_modules\whatsapp-web.js\node_modules\puppeteer-core\lib\cjs\puppeteer\cdp\IsolatedWorld.js:100:30)
    at CdpFrame.evaluate (C:\Users\al180\Documents\PROYECTOS\backend\node_modules\whatsapp-web.js\node_modules\puppeteer-core\lib\cjs\puppeteer\api\Frame.js:362:43)
    at CdpFrame.<anonymous> (C:\Users\al180\Documents\PROYECTOS\backend\node_modules\whatsapp-web.js\node_modules\puppeteer-core\lib\cjs\puppeteer\util\decorators.js:109:27)
    at CdpPage.evaluate (C:\Users\al180\Documents\PROYECTOS\backend\node_modules\whatsapp-web.js\node_modules\puppeteer-core\lib\cjs\puppeteer\api\Page.js:826:43)
    at Client.inject (C:\Users\al180\Documents\PROYECTOS\backend\node_modules\whatsapp-web.js\src\Client.js:124:55)
    at async Client.initialize (C:\Users\al180\Documents\PROYECTOS\backend\node_modules\whatsapp-web.js\src\Client.js:373:9)

Node.js v24.13.0
[31m[nodemon] app crashed - waiting for file changes before starting...[39m
[32m[nodemon] restarting due to changes...[39m
[32m[nodemon] starting `node server.js`[39m

­ƒÜÇ Inicializando WhatsApp Web...

    ­ƒÆ░ SERVIDOR DE RECORDATORIOS DE PAGOS v2.0
    ============================================
    Puerto: 3001
    L├¡mite mensual: 1500 mensajes
    Historial: Ô£à Habilitado
    Patch: Ô£à markedUnread fix
    
    ­ƒô▒ Endpoints:
    - GET  /status              ÔåÆ Estado WhatsApp
    - GET  /qrcode             ÔåÆ Obtener QR
    - GET  /dashboard          ÔåÆ Estad├¡sticas
    - GET  /health             ÔåÆ Salud del servidor
    
    ­ƒôï Historial:
    - GET  /notifications/history ÔåÆ Historial de notificaciones
    - GET  /notifications/stats   ÔåÆ Estad├¡sticas
    - GET  /notifications/export  ÔåÆ Exportar historial
    - DELETE /notifications/clear ÔåÆ Limpiar historial
    
    ­ƒôñ Env├¡o:
    - POST /send-reminder      ÔåÆ Recordatorio individual
    - POST /send-batch-reminders ÔåÆ Lote controlado
    - POST /test-number        ÔåÆ Verificar n├║mero
    
    ÔÜá´©Å  Recomendaciones:
    ÔÇó Usa /test-number antes de agregar clientes
    ÔÇó Monitorea /dashboard regularmente
    ÔÇó M├íximo 30 mensajes por lote
    ÔÇó Delay de 2-3 segundos entre mensajes
    ============================================
    
C:\Users\al180\Documents\PROYECTOS\backend\node_modules\whatsapp-web.js\node_modules\puppeteer-core\lib\cjs\puppeteer\common\CallbackRegistry.js:103
    #error = new Errors_js_1.ProtocolError();
             ^

ProtocolError: Protocol error (Runtime.callFunctionOn): Execution context was destroyed.
    at <instance_members_initializer> (C:\Users\al180\Documents\PROYECTOS\backend\node_modules\whatsapp-web.js\node_modules\puppeteer-core\lib\cjs\puppeteer\common\CallbackRegistry.js:103:14)
    at new Callback (C:\Users\al180\Documents\PROYECTOS\backend\node_modules\whatsapp-web.js\node_modules\puppeteer-core\lib\cjs\puppeteer\common\CallbackRegistry.js:107:16)
    at CallbackRegistry.create (C:\Users\al180\Documents\PROYECTOS\backend\node_modules\whatsapp-web.js\node_modules\puppeteer-core\lib\cjs\puppeteer\common\CallbackRegistry.js:25:26)
    at Connection._rawSend (C:\Users\al180\Documents\PROYECTOS\backend\node_modules\whatsapp-web.js\node_modules\puppeteer-core\lib\cjs\puppeteer\cdp\Connection.js:108:26)
    at CdpCDPSession.send (C:\Users\al180\Documents\PROYECTOS\backend\node_modules\whatsapp-web.js\node_modules\puppeteer-core\lib\cjs\puppeteer\cdp\CdpSession.js:74:33)
    at #evaluate (C:\Users\al180\Documents\PROYECTOS\backend\node_modules\whatsapp-web.js\node_modules\puppeteer-core\lib\cjs\puppeteer\cdp\ExecutionContext.js:363:50)
    at ExecutionContext.evaluate (C:\Users\al180\Documents\PROYECTOS\backend\node_modules\whatsapp-web.js\node_modules\puppeteer-core\lib\cjs\puppeteer\cdp\ExecutionContext.js:277:36)
    at IsolatedWorld.evaluate (C:\Users\al180\Documents\PROYECTOS\backend\node_modules\whatsapp-web.js\node_modules\puppeteer-core\lib\cjs\puppeteer\cdp\IsolatedWorld.js:100:30)
    at CdpFrame.evaluate (C:\Users\al180\Documents\PROYECTOS\backend\node_modules\whatsapp-web.js\node_modules\puppeteer-core\lib\cjs\puppeteer\api\Frame.js:362:43)
    at CdpFrame.<anonymous> (C:\Users\al180\Documents\PROYECTOS\backend\node_modules\whatsapp-web.js\node_modules\puppeteer-core\lib\cjs\puppeteer\util\decorators.js:109:27)
    at CdpPage.evaluate (C:\Users\al180\Documents\PROYECTOS\backend\node_modules\whatsapp-web.js\node_modules\puppeteer-core\lib\cjs\puppeteer\api\Page.js:826:43)
    at Client.inject (C:\Users\al180\Documents\PROYECTOS\backend\node_modules\whatsapp-web.js\src\Client.js:124:55)
    at async Client.initialize (C:\Users\al180\Documents\PROYECTOS\backend\node_modules\whatsapp-web.js\src\Client.js:373:9)

Node.js v24.13.0
[31m[nodemon] app crashed - waiting for file changes before starting...[39m
[32m[nodemon] restarting due to changes...[39m
[32m[nodemon] starting `node server.js`[39m

­ƒÜÇ Inicializando WhatsApp Web...

    ­ƒÆ░ SERVIDOR DE RECORDATORIOS DE PAGOS v2.0
    ============================================
    Puerto: 3001
    L├¡mite mensual: 1500 mensajes
    Historial: Ô£à Habilitado
    Patch: Ô£à markedUnread fix
    
    ­ƒô▒ Endpoints:
    - GET  /status              ÔåÆ Estado WhatsApp
    - GET  /qrcode             ÔåÆ Obtener QR
    - GET  /dashboard          ÔåÆ Estad├¡sticas
    - GET  /health             ÔåÆ Salud del servidor
    
    ­ƒôï Historial:
    - GET  /notifications/history ÔåÆ Historial de notificaciones
    - GET  /notifications/stats   ÔåÆ Estad├¡sticas
    - GET  /notifications/export  ÔåÆ Exportar historial
    - DELETE /notifications/clear ÔåÆ Limpiar historial
    
    ­ƒôñ Env├¡o:
    - POST /send-reminder      ÔåÆ Recordatorio individual
    - POST /send-batch-reminders ÔåÆ Lote controlado
    - POST /test-number        ÔåÆ Verificar n├║mero
    
    ÔÜá´©Å  Recomendaciones:
    ÔÇó Usa /test-number antes de agregar clientes
    ÔÇó Monitorea /dashboard regularmente
    ÔÇó M├íximo 30 mensajes por lote
    ÔÇó Delay de 2-3 segundos entre mensajes
    ============================================
    
C:\Users\al180\Documents\PROYECTOS\backend\node_modules\whatsapp-web.js\node_modules\puppeteer-core\lib\cjs\puppeteer\common\CallbackRegistry.js:103
    #error = new Errors_js_1.ProtocolError();
             ^

ProtocolError: Protocol error (Runtime.callFunctionOn): Execution context was destroyed.
    at <instance_members_initializer> (C:\Users\al180\Documents\PROYECTOS\backend\node_modules\whatsapp-web.js\node_modules\puppeteer-core\lib\cjs\puppeteer\common\CallbackRegistry.js:103:14)
    at new Callback (C:\Users\al180\Documents\PROYECTOS\backend\node_modules\whatsapp-web.js\node_modules\puppeteer-core\lib\cjs\puppeteer\common\CallbackRegistry.js:107:16)
    at CallbackRegistry.create (C:\Users\al180\Documents\PROYECTOS\backend\node_modules\whatsapp-web.js\node_modules\puppeteer-core\lib\cjs\puppeteer\common\CallbackRegistry.js:25:26)
    at Connection._rawSend (C:\Users\al180\Documents\PROYECTOS\backend\node_modules\whatsapp-web.js\node_modules\puppeteer-core\lib\cjs\puppeteer\cdp\Connection.js:108:26)
    at CdpCDPSession.send (C:\Users\al180\Documents\PROYECTOS\backend\node_modules\whatsapp-web.js\node_modules\puppeteer-core\lib\cjs\puppeteer\cdp\CdpSession.js:74:33)
    at #evaluate (C:\Users\al180\Documents\PROYECTOS\backend\node_modules\whatsapp-web.js\node_modules\puppeteer-core\lib\cjs\puppeteer\cdp\ExecutionContext.js:363:50)
    at ExecutionContext.evaluate (C:\Users\al180\Documents\PROYECTOS\backend\node_modules\whatsapp-web.js\node_modules\puppeteer-core\lib\cjs\puppeteer\cdp\ExecutionContext.js:277:36)
    at IsolatedWorld.evaluate (C:\Users\al180\Documents\PROYECTOS\backend\node_modules\whatsapp-web.js\node_modules\puppeteer-core\lib\cjs\puppeteer\cdp\IsolatedWorld.js:100:30)
    at CdpFrame.evaluate (C:\Users\al180\Documents\PROYECTOS\backend\node_modules\whatsapp-web.js\node_modules\puppeteer-core\lib\cjs\puppeteer\api\Frame.js:362:43)
    at CdpFrame.<anonymous> (C:\Users\al180\Documents\PROYECTOS\backend\node_modules\whatsapp-web.js\node_modules\puppeteer-core\lib\cjs\puppeteer\util\decorators.js:109:27)
    at CdpPage.evaluate (C:\Users\al180\Documents\PROYECTOS\backend\node_modules\whatsapp-web.js\node_modules\puppeteer-core\lib\cjs\puppeteer\api\Page.js:826:43)
    at Client.inject (C:\Users\al180\Documents\PROYECTOS\backend\node_modules\whatsapp-web.js\src\Client.js:124:55)
    at async Client.initialize (C:\Users\al180\Documents\PROYECTOS\backend\node_modules\whatsapp-web.js\src\Client.js:373:9)

Node.js v24.13.0
[31m[nodemon] app crashed - waiting for file changes before starting...[39m
