
­ƒÜÇ Inicializando WhatsApp Web...

    ­ƒÆ░ SERVIDOR DE RECORDATORIOS DE PAGOS v2.0
    ============================================
    Puerto: 3001
    L├¡mite mensual: 1500 mensajes
    Historial: Ô£à Habilitado
    Patch: Ô£à markedUnread fix
    
    ­ƒô▒ Endpoints:
    - GET  /status              ÔåÆ Estado WhatsApp
    - GET  /qrcode             ÔåÆ Obtener QR
    - GET  /dashboard          ÔåÆ Estad├¡sticas
    - GET  /health             ÔåÆ Salud del servidor
    
    ­ƒôï Historial:
    - GET  /notifications/history ÔåÆ Historial de notificaciones
    - GET  /notifications/stats   ÔåÆ Estad├¡sticas
    - GET  /notifications/export  ÔåÆ Exportar historial
    - DELETE /notifications/clear ÔåÆ Limpiar historial
    
    ­ƒôñ Env├¡o:
    - POST /send-reminder      ÔåÆ Recordatorio individual
    - POST /send-batch-reminders ÔåÆ Lote controlado
    - POST /test-number        ÔåÆ Verificar n├║mero
    
    ÔÜá´©Å  Recomendaciones:
    ÔÇó Usa /test-number antes de agregar clientes
    ÔÇó Monitorea /dashboard regularmente
    ÔÇó M├íximo 30 mensajes por lote
    ÔÇó Delay de 2-3 segundos entre mensajes
    ============================================
    

­ƒöó­ƒöó­ƒöó­ƒöó­ƒöó­ƒöó­ƒöó­ƒöó­ƒöó­ƒöó­ƒöó­ƒöó­ƒöó­ƒöó­ƒöó­ƒöó­ƒöó­ƒöó­ƒöó­ƒöó­ƒöó­ƒöó­ƒöó­ƒöó­ƒöó­ƒöó­ƒöó­ƒöó­ƒöó­ƒöó
NUEVO C├ôDIGO QR GENERADO:
­ƒöó­ƒöó­ƒöó­ƒöó­ƒöó­ƒöó­ƒöó­ƒöó­ƒöó­ƒöó­ƒöó­ƒöó­ƒöó­ƒöó­ƒöó­ƒöó­ƒöó­ƒöó­ƒöó­ƒöó­ƒöó­ƒöó­ƒöó­ƒöó­ƒöó­ƒöó­ƒöó­ƒöó­ƒöó­ƒöó
ÔûäÔûäÔûäÔûäÔûäÔûäÔûäÔûäÔûäÔûäÔûäÔûäÔûäÔûäÔûäÔûäÔûäÔûäÔûäÔûäÔûäÔûäÔûäÔûäÔûäÔûäÔûäÔûäÔûäÔûäÔûäÔûäÔûäÔûäÔûäÔûäÔûäÔûäÔûäÔûäÔûäÔûäÔûäÔûäÔûäÔûäÔûäÔûäÔûäÔûäÔûäÔûäÔûäÔûäÔûäÔûäÔûäÔûäÔûä
Ôûê ÔûäÔûäÔûäÔûäÔûä ÔûêÔûä ÔûÇÔûÇÔûÇÔûäÔûêÔûÇÔûêÔûÇÔûÇ ÔûêÔûÇÔûêÔûä  ÔûÇ ÔûêÔûê ÔûÇÔûê ÔûÇÔûêÔûê ÔûÇÔûÇ ÔûäÔûäÔûêÔûä Ôûä ÔûêÔûê ÔûäÔûäÔûäÔûäÔûä Ôûê
Ôûê Ôûê   Ôûê Ôûê ÔûÇÔûÇÔûêÔûêÔûäÔûêÔûêÔûêÔûÇÔûÇÔûêÔûäÔûäÔûê ÔûÇ Ôûê ÔûêÔûÇ ÔûÇÔûê Ôûä  ÔûÇÔûÇÔûäÔûêÔûê ÔûÇÔûêÔûÇÔûä ÔûêÔûê Ôûê   Ôûê Ôûê
Ôûê ÔûêÔûäÔûäÔûäÔûê ÔûêÔûäÔûêÔûÇÔûÇÔûê ÔûêÔûÇÔûÇÔûä  ÔûÇÔûÇ  ÔûêÔûÇ ÔûäÔûäÔûä ÔûêÔûä ÔûÇÔûäÔûÇÔûä ÔûäÔûÇÔûêÔûê ÔûêÔûäÔûÇÔûäÔûêÔûê ÔûêÔûäÔûäÔûäÔûê Ôûê
ÔûêÔûäÔûäÔûäÔûäÔûäÔûäÔûäÔûêÔûäÔûê ÔûêÔûäÔûê ÔûêÔûäÔûêÔûäÔûÇÔûäÔûêÔûäÔûÇÔûäÔûê ÔûêÔûäÔûê ÔûÇ ÔûÇ Ôûê ÔûêÔûäÔûÇ ÔûêÔûäÔûê ÔûÇÔûäÔûê ÔûêÔûäÔûäÔûäÔûäÔûäÔûäÔûäÔûê
ÔûêÔûäÔûä ÔûäÔûÇÔûêÔûäÔûÇÔûäÔûäÔûäÔûä ÔûÇÔûêÔûäÔûäÔûäÔûêÔûÇÔûêÔûê Ôûä ÔûÇÔûä     Ôûê ÔûäÔûÇÔûêÔûäÔûê    ÔûÇÔûÇÔûêÔûê ÔûÇ ÔûêÔûê Ôûä ÔûÇ Ôûê
ÔûêÔûêÔûê ÔûÇÔûêÔûÇÔûäÔûä  ÔûêÔûê  ÔûÇÔûÇ  ÔûêÔûê ÔûäÔûäÔûÇÔûÇÔûäÔûäÔûÇÔûê  ÔûêÔûäÔûê ÔûäÔûä ÔûÇÔûÇÔûÇÔûêÔûä ÔûäÔûêÔûêÔûêÔûäÔûÇ ÔûêÔûÇ ÔûäÔûê Ôûê
Ôûê ÔûÇÔûêÔûêÔûä Ôûä ÔûäÔûêÔûêÔûäÔûêÔûä ÔûÇÔûäÔûêÔûä  ÔûêÔûäÔûêÔûä  ÔûäÔûêÔûêÔûÇ ÔûÇ Ôûê  ÔûÇ ÔûêÔûê ÔûäÔûäÔûêÔûÇÔûäÔûêÔûä  ÔûÇÔûÇÔûÇÔûä ÔûêÔûê
ÔûêÔûÇ ÔûÇÔûä ÔûÇÔûäÔûäÔûêÔûäÔûêÔûÇÔûÇÔûäÔûäÔûêÔûêÔûäÔûä ÔûêÔûêÔûäÔûäÔûê ÔûäÔûÇÔûäÔûêÔûêÔûäÔûÇÔûÇÔûäÔûê ÔûêÔûä ÔûäÔûê Ôûê ÔûêÔûêÔûä  ÔûäÔûÇÔûäÔûä ÔûÇÔûêÔûê
ÔûêÔûÇÔûêÔûÇÔûä ÔûäÔûäÔûä ÔûêÔûêÔûêÔûê ÔûäÔûÇ ÔûÇÔûÇÔûêÔûä ÔûÇÔûÇÔûêÔûÇÔûÇÔûäÔûä Ôûä ÔûäÔûêÔûÇÔûÇÔûêÔûêÔûäÔûäÔûêÔûÇÔûäÔûäÔûä ÔûÇÔûêÔûäÔûêÔûäÔûäÔûÇÔûêÔûäÔûÇÔûêÔûê
ÔûêÔûäÔûÇÔûÇÔûäÔûÇÔûêÔûä  ÔûêÔûÇ ÔûÇÔûÇÔûÇÔûä ÔûÇÔûÇÔûä ÔûäÔûÇÔûÇÔûê ÔûÇÔûêÔûäÔûÇ ÔûÇÔûÇÔûÇÔûäÔûêÔûäÔûÇÔûÇÔûäÔûÇÔûê ÔûäÔûÇÔûÇÔûÇ ÔûÇÔûêÔûêÔûêÔûÇÔûêÔûê ÔûÇÔûê
ÔûêÔûÇ    ÔûêÔûäÔûÇÔûäÔûêÔûêÔûä  ÔûêÔûê ÔûäÔûÇÔûêÔûê ÔûäÔûÇÔûê ÔûÇ  ÔûÇÔûÇÔûêÔûÇÔûêÔûêÔûäÔûÇ Ôûä  ÔûÇ ÔûÇÔûÇÔûêÔûäÔûä  ÔûêÔûä     Ôûê
Ôûê ÔûÇ ÔûÇÔûêÔûêÔûäÔûê ÔûäÔûêÔûêÔûÇÔûÇÔûÇÔûÇÔûäÔûêÔûä ÔûäÔûÇÔûÇ  ÔûêÔûÇ Ôûê ÔûäÔûÇÔûêÔûÇÔûäÔûä   ÔûÇÔûê ÔûäÔûÇ ÔûäÔûÇÔûê ÔûäÔûÇ ÔûêÔûäÔûäÔûê Ôûê
ÔûêÔûÇÔûê ÔûÇÔûêÔûêÔûäÔûÇÔûÇÔûêÔûÇÔûÇÔûäÔûêÔûÇÔûÇÔûêÔûäÔûäÔûê  ÔûÇÔûêÔûêÔûêÔûÇÔûÇÔûÇÔûÇÔûêÔûäÔûäÔûäÔûê   ÔûÇÔûêÔûêÔûêÔûê ÔûÇÔûÇÔûä ÔûêÔûÇÔûÇÔûäÔûÇ ÔûêÔûä Ôûê
ÔûêÔûÇ  Ôûê ÔûäÔûäÔûä   ÔûêÔûäÔûÇÔûäÔûÇÔûêÔûäÔûäÔûÇÔûÇÔûêÔûäÔûäÔûÇÔûê ÔûäÔûäÔûä ÔûÇ  ÔûêÔûäÔûÇÔûäÔûäÔûêÔûÇÔûêÔûäÔûä Ôûê   ÔûäÔûäÔûä ÔûÇÔûÇÔûÇÔûÇÔûê
Ôûê  ÔûäÔûê ÔûêÔûäÔûê ÔûÇ ÔûÇÔûÇÔûÇÔûê ÔûÇÔûêÔûä ÔûêÔûÇÔûÇ ÔûäÔûÇ ÔûêÔûäÔûê  Ôûä  ÔûÇÔûÇÔûäÔûêÔûÇÔûÇÔûÇÔûä  ÔûÇ Ôûä ÔûêÔûäÔûê ÔûäÔûê ÔûäÔûê
ÔûêÔûêÔûêÔûÇ Ôûä ÔûäÔûäÔûäÔûêÔûÇ ÔûÇÔûäÔûÇ ÔûäÔûêÔûêÔûê ÔûäÔûäÔûêÔûä ÔûäÔûäÔûäÔûä ÔûÇÔûä  Ôûä  Ôûê  ÔûÇÔûÇÔûäÔûêÔûÇÔûê     ÔûäÔûÇÔûä ÔûêÔûê
ÔûêÔûäÔûäÔûÇÔûêÔûêÔûêÔûäÔûäÔûÇÔûäÔûÇÔûÇ ÔûêÔûÇÔûêÔûä ÔûêÔûÇÔûäÔûê   ÔûêÔûê ÔûêÔûÇÔûÇÔûÇÔûê ÔûäÔûÇÔûê ÔûêÔûêÔûä  ÔûêÔûêÔûäÔûäÔûÇ  ÔûÇÔûêÔûêÔûä ÔûÇÔûÇÔûê
ÔûêÔûäÔûÇ  ÔûäÔûêÔûäÔûÇ ÔûäÔûÇÔûêÔûÇÔûä  ÔûÇÔûä ÔûäÔûäÔûäÔûÇÔûê ÔûäÔûÇÔûêÔûê Ôûê ÔûäÔûÇÔûäÔûÇÔûê ÔûêÔûÇÔûêÔûê ÔûêÔûêÔûÇÔûÇ Ôûê  ÔûäÔûÇ Ôûä  Ôûê
ÔûêÔûêÔûÇÔûêÔûäÔûêÔûÇÔûäÔûä  ÔûÇÔûäÔûäÔûÇÔûäÔûêÔûê ÔûäÔûÇÔûêÔûÇÔûê ÔûäÔûä ÔûêÔûêÔûÇÔûê ÔûÇÔûÇÔûêÔûä ÔûÇ ÔûÇÔûÇ Ôûä ÔûêÔûÇÔûêÔûÇÔûêÔûäÔûÇÔûêÔûäÔûÇÔûêÔûäÔûêÔûê
ÔûêÔûäÔûÇÔûÇ ÔûêÔûêÔûä  ÔûÇÔûêÔûê  Ôûê ÔûäÔûÇÔûÇ  Ôûä ÔûäÔûÇÔûêÔûä ÔûäÔûäÔûÇÔûÇÔûäÔûÇÔûê ÔûêÔûäÔûÇÔûêÔûäÔûäÔûä ÔûêÔûÇÔûÇÔûÇÔûêÔûÇÔûêÔûÇÔûêÔûäÔûÇÔûêÔûäÔûê
ÔûêÔûÇÔûêÔûêÔûä ÔûêÔûäÔûÇÔûÇÔûêÔûäÔûäÔûêÔûÇÔûê  ÔûÇÔûÇ Ôûê ÔûÇÔûÇÔûêÔûÇ ÔûÇÔûÇÔûêÔûêÔûêÔûäÔûäÔûÇÔûäÔûÇÔûêÔûê ÔûêÔûäÔûêÔûä   ÔûäÔûÇÔûêÔûê  Ôûä Ôûê Ôûê
ÔûêÔûê ÔûäÔûêÔûäÔûÇÔûäÔûäÔûêÔûêÔûÇÔûäÔûÇ ÔûäÔûêÔûäÔûêÔûäÔûÇÔûÇÔûê ÔûÇÔûÇÔûêÔûê Ôûê  ÔûÇÔûÇ ÔûÇÔûê  ÔûÇ ÔûäÔûÇÔûê ÔûêÔûäÔûêÔûÇÔûÇÔûäÔûêÔûÇÔûäÔûäÔûä ÔûêÔûê
Ôûê ÔûÇÔûäÔûê ÔûÇÔûäÔûäÔûÇÔûäÔûê ÔûêÔûäÔûÇ ÔûêÔûÇÔûÇÔûÇÔûê Ôûê  ÔûêÔûêÔûäÔûä ÔûêÔûÇÔûÇÔûäÔûäÔûÇÔûêÔûêÔûêÔûä Ôûä ÔûäÔûÇÔûêÔûêÔûÇÔûäÔûäÔûäÔûäÔûêÔûê   Ôûê
Ôûê ÔûÇ ÔûÇÔûÇÔûäÔûä Ôûä ÔûäÔûêÔûêÔûÇÔûêÔûäÔûÇÔûäÔûÇ  ÔûÇÔûÇÔûäÔûêÔûÇÔûêÔûêÔûä ÔûÇ ÔûÇÔûÇÔûê ÔûÇÔûäÔûêÔûêÔûäÔûê ÔûêÔûÇÔûê Ôûä Ôûä  ÔûêÔûÇÔûêÔûÇ Ôûê
ÔûêÔûêÔûêÔûêÔûêÔûêÔûêÔûäÔûêÔûÇÔûÇ  Ôûä ÔûÇ ÔûäÔûä Ôûä ÔûÇÔûÇÔûÇÔûê  ÔûäÔûäÔûä  ÔûÇ Ôûê  ÔûÇÔûÇÔûÇÔûêÔûêÔûê Ôûê ÔûäÔûê ÔûäÔûäÔûä ÔûêÔûä ÔûÇÔûê
Ôûê ÔûäÔûäÔûäÔûäÔûä ÔûêÔûêÔûÇÔûäÔûêÔûÇÔûäÔûÇÔûÇÔûÇÔûÇÔûäÔûêÔûê ÔûäÔûêÔûêÔûê ÔûêÔûäÔûê ÔûäÔûäÔûÇÔûäÔûäÔûÇÔûÇ Ôûä Ôûê ÔûäÔûäÔûêÔûêÔûä ÔûêÔûäÔûê Ôûê ÔûÇÔûÇÔûê
Ôûê Ôûê   Ôûê ÔûêÔûÇÔûÇÔûêÔûäÔûêÔûêÔûêÔûÇÔûêÔûêÔûê Ôûä ÔûÇ ÔûÇÔûê Ôûä    Ôûä  ÔûÇÔûêÔûêÔûäÔûÇÔûêÔûÇÔûäÔûä ÔûÇÔûÇÔûä  Ôûä ÔûäÔûÇ  ÔûäÔûê
Ôûê ÔûêÔûäÔûäÔûäÔûê Ôûê    ÔûÇÔûä    ÔûäÔûäÔûÇÔûäÔûÇÔûêÔûÇÔûêÔûäÔûÇÔûÇÔûêÔûÇÔûäÔûÇ ÔûÇÔûê Ôûê ÔûäÔûÇÔûê Ôûê ÔûêÔûä  ÔûÇ ÔûäÔûê ÔûêÔûêÔûÇÔûê
ÔûêÔûäÔûäÔûäÔûäÔûäÔûäÔûäÔûêÔûäÔûêÔûäÔûêÔûäÔûêÔûêÔûêÔûäÔûäÔûêÔûêÔûäÔûêÔûäÔûêÔûêÔûêÔûêÔûäÔûêÔûêÔûêÔûêÔûäÔûêÔûêÔûäÔûêÔûêÔûäÔûäÔûäÔûäÔûäÔûêÔûêÔûäÔûäÔûäÔûêÔûêÔûêÔûäÔûäÔûäÔûäÔûêÔûêÔûê


Ô£àÔ£àÔ£àÔ£àÔ£àÔ£àÔ£àÔ£àÔ£àÔ£àÔ£àÔ£àÔ£àÔ£àÔ£àÔ£àÔ£àÔ£àÔ£àÔ£àÔ£àÔ£àÔ£àÔ£àÔ£àÔ£àÔ£àÔ£àÔ£àÔ£à
┬íWHATSAPP CONECTADO Y LISTO!
Ô£àÔ£àÔ£àÔ£àÔ£àÔ£àÔ£àÔ£àÔ£àÔ£àÔ£àÔ£àÔ£àÔ£àÔ£àÔ£àÔ£àÔ£àÔ£àÔ£àÔ£àÔ£àÔ£àÔ£àÔ£àÔ£àÔ£àÔ£àÔ£àÔ£à
­ƒöº Aplicando patch para error markedUnread...
Ô£à Patch aplicado exitosamente
